<?xml version="1.0" encoding="utf-8"?><testsuites name="pytest tests"><testsuite name="pytest" errors="0" failures="0" skipped="0" tests="13" time="1.134" timestamp="2026-02-04T21:23:10.150415+00:00" hostname="agent-env-fdd41c8d-efca-4ba6-9a48-b9f6aa679354"><testcase classname="backend.tests.test_bulk_epcis.TestBulkEPCISEndpoint" name="test_bulk_create_success" time="0.380" /><testcase classname="backend.tests.test_bulk_epcis.TestBulkEPCISEndpoint" name="test_bulk_create_invalid_sscc_format" time="0.038" /><testcase classname="backend.tests.test_bulk_epcis.TestBulkEPCISEndpoint" name="test_bulk_create_missing_required_fields" time="0.039" /><testcase classname="backend.tests.test_bulk_epcis.TestBulkEPCISEndpoint" name="test_bulk_create_invalid_json_file" time="0.029" /><testcase classname="backend.tests.test_bulk_epcis.TestBulkEPCISEndpoint" name="test_bulk_create_non_json_file" time="0.023" /><testcase classname="backend.tests.test_bulk_epcis.TestBulkEPCISEndpoint" name="test_bulk_create_empty_json_array" time="0.022" /><testcase classname="backend.tests.test_bulk_epcis.TestBulkEPCISEndpoint" name="test_bulk_create_unauthorized" time="0.021" /><testcase classname="backend.tests.test_bulk_epcis.TestBulkEPCISHierarchy" name="test_hierarchy_with_multiple_levels" time="0.027" /><testcase classname="backend.tests.test_bulk_epcis.TestBulkEPCISJobs" name="test_get_bulk_jobs" time="0.018" /><testcase classname="backend.tests.test_bulk_epcis.TestBulkEPCISJobs" name="test_get_bulk_jobs_unauthorized" time="0.020" /><testcase classname="backend.tests.test_bulk_epcis.TestAuthEndpoints" name="test_login_success" time="0.264" /><testcase classname="backend.tests.test_bulk_epcis.TestAuthEndpoints" name="test_login_invalid_credentials" time="0.026" /><testcase classname="backend.tests.test_bulk_epcis.TestAuthEndpoints" name="test_get_current_user" time="0.029" /></testsuite></testsuites>